[2020-10-09T23:54:14.223] [ERROR] cheese - MongooseServerSelectionError: connect ECONNREFUSED 127.0.0.1:27017
    at NativeConnection.Connection.openUri (/Users/linfuning/Desktop/nuxt-zetar/node_modules/mongoose/lib/connection.js:830:32)
    at Mongoose.connect (/Users/linfuning/Desktop/nuxt-zetar/node_modules/mongoose/lib/index.js:335:15)
    at module.exports (/Users/linfuning/Desktop/nuxt-zetar/server/database/index.js:14:14)
    at start (/Users/linfuning/Desktop/nuxt-zetar/server/index.js:50:3) {
  reason: TopologyDescription {
    type: 'Single',
    setName: null,
    maxSetVersion: null,
    maxElectionId: null,
    servers: Map { 'localhost:27017' => [ServerDescription] },
    stale: false,
    compatible: true,
    compatibilityError: null,
    logicalSessionTimeoutMinutes: null,
    heartbeatFrequencyMS: 10000,
    localThresholdMS: 15,
    commonWireVersion: null
  }
}
[2020-10-10T11:49:55.689] [ERROR] cheese - MongooseServerSelectionError: connect ECONNREFUSED 127.0.0.1:27017
    at NativeConnection.Connection.openUri (/Users/linfuning/Desktop/nuxt-zetar/node_modules/mongoose/lib/connection.js:830:32)
    at Mongoose.connect (/Users/linfuning/Desktop/nuxt-zetar/node_modules/mongoose/lib/index.js:335:15)
    at module.exports (/Users/linfuning/Desktop/nuxt-zetar/server/database/index.js:14:14)
    at start (/Users/linfuning/Desktop/nuxt-zetar/server/index.js:49:3) {
  reason: TopologyDescription {
    type: 'Single',
    setName: null,
    maxSetVersion: null,
    maxElectionId: null,
    servers: Map { '127.0.0.1:27017' => [ServerDescription] },
    stale: false,
    compatible: true,
    compatibilityError: null,
    logicalSessionTimeoutMinutes: null,
    heartbeatFrequencyMS: 10000,
    localThresholdMS: 15,
    commonWireVersion: null
  }
}
[2020-10-10T11:57:08.931] [ERROR] cheese - MongooseServerSelectionError: connect ECONNREFUSED 127.0.0.1:27017
    at NativeConnection.Connection.openUri (/Users/linfuning/Desktop/nuxt-zetar/node_modules/mongoose/lib/connection.js:830:32)
    at Mongoose.connect (/Users/linfuning/Desktop/nuxt-zetar/node_modules/mongoose/lib/index.js:335:15)
    at module.exports (/Users/linfuning/Desktop/nuxt-zetar/server/database/index.js:14:14)
    at start (/Users/linfuning/Desktop/nuxt-zetar/server/index.js:49:3)
    at runMicrotasks (<anonymous>)
    at processTicksAndRejections (internal/process/task_queues.js:97:5) {
  reason: TopologyDescription {
    type: 'Single',
    setName: null,
    maxSetVersion: null,
    maxElectionId: null,
    servers: Map { 'localhost:27017' => [ServerDescription] },
    stale: false,
    compatible: true,
    compatibilityError: null,
    logicalSessionTimeoutMinutes: null,
    heartbeatFrequencyMS: 10000,
    localThresholdMS: 15,
    commonWireVersion: null
  }
}
